'data.frame':	20 obs. of  7 variables:
 $ TN       : num  0.35 0.33 0.54 0.37 0.25 0.27 0.56 0.61 0.36 0.51 ...
 $ TP       : num  0.26 0.33 0.34 0.31 0.4 0.48 0.48 0.43 0.49 0.54 ...
 $ pH       : num  7.73 7.51 8 7.08 7.33 7.53 6.93 7.55 7.47 7.39 ...
 $ EC       : num  0.97 2.49 0.45 5.49 6.47 0.25 0.85 0.35 3.47 0.73 ...
 $ Haplotype: chr  "O" "O" "O" "O" ...
 $ Shoot    : num  164 120 160 140 120 130 100 154 163 137 ...
 $ Leaf     : num  17 17 24 15 20 13 16 19 14 31 ...
'data.frame':	20 obs. of  7 variables:
 $ TN       : num  0.35 0.33 0.54 0.37 0.25 0.27 0.56 0.61 0.36 0.51 ...
 $ TP       : num  0.26 0.33 0.34 0.31 0.4 0.48 0.48 0.43 0.49 0.54 ...
 $ pH       : num  7.73 7.51 8 7.08 7.33 7.53 6.93 7.55 7.47 7.39 ...
 $ EC       : num  0.97 2.49 0.45 5.49 6.47 0.25 0.85 0.35 3.47 0.73 ...
 $ Haplotype: chr  "O" "O" "O" "O" ...
 $ Shoot    : num  164 120 160 140 120 130 100 154 163 137 ...
 $ Leaf     : num  17 17 24 15 20 13 16 19 14 31 ...
'data.frame':	20 obs. of  7 variables:
 $ TN       : num  0.35 0.33 0.54 0.37 0.25 0.27 0.56 0.61 0.36 0.51 ...
 $ TP       : num  0.26 0.33 0.34 0.31 0.4 0.48 0.48 0.43 0.49 0.54 ...
 $ pH       : num  7.73 7.51 8 7.08 7.33 7.53 6.93 7.55 7.47 7.39 ...
 $ EC       : num  0.97 2.49 0.45 5.49 6.47 0.25 0.85 0.35 3.47 0.73 ...
 $ Haplotype: chr  "O" "O" "O" "O" ...
 $ Shoot    : num  164 120 160 140 120 130 100 154 163 137 ...
 $ Leaf     : num  17 17 24 15 20 13 16 19 14 31 ...
     TN   TP   pH   EC Haplotype Shoot Leaf
1  0.35 0.26 7.73 0.97         O   164   17
2  0.33 0.33 7.51 2.49         O   120   17
3  0.54 0.34 8.00 0.45         O   160   24
4  0.37 0.31 7.08 5.49         O   140   15
5  0.25 0.40 7.33 6.47         P   120   20
6  0.27 0.48 7.53 0.25         O   130   13
7  0.56 0.48 6.93 0.85         O   100   16
8  0.61 0.43 7.55 0.35         O   154   19
9  0.36 0.49 7.47 3.47         O   163   14
10 0.51 0.54 7.39 0.73         O   137   31
11 0.38 0.41 7.63 0.50         P   117   28
12 0.34 0.47 6.86 5.41         O   124   17
13 0.28 0.37 6.74 6.50         O   146   22
14 0.38 0.44 7.34 1.66         P   142   21
15 0.31 0.27 7.47 1.41         O   164   27
16 0.19 0.28 7.17 0.46         O   165   16
17 0.33 0.35 8.10 0.20         P   136   22
18 0.18 0.29 8.95 0.80         P   157   26
19 0.19 0.39 7.36 0.24         O   134   28
20 0.43 0.26 7.38 1.48         O   175   22
